2025-05-07 08:50:53,267 CRIT Supervisor is running as root.  Privileges were not dropped because no user is specified in the config file.  If you intend to run as root, you can set user=root in the config file to avoid this message.
2025-05-07 08:50:53,271 INFO supervisord started with pid 1
2025-05-07 08:50:54,281 INFO spawned: 'nginx' with pid 7
2025-05-07 08:50:54,284 INFO spawned: 'php-fpm' with pid 8
2025-05-07 08:50:55,936 INFO success: nginx entered RUNNING state, process has stayed up for > than 1 seconds (startsecs)
2025-05-07 08:50:55,936 INFO success: php-fpm entered RUNNING state, process has stayed up for > than 1 seconds (startsecs)
2025-05-07 09:11:30,778 WARN received SIGINT indicating exit request
2025-05-07 09:11:30,781 INFO waiting for nginx, php-fpm to die
2025-05-07 09:11:31,803 INFO stopped: php-fpm (exit status 0)
2025-05-07 09:11:31,807 INFO stopped: nginx (exit status 0)
2025-05-07 09:11:32,809 CRIT Supervisor is running as root.  Privileges were not dropped because no user is specified in the config file.  If you intend to run as root, you can set user=root in the config file to avoid this message.
2025-05-07 09:11:32,811 INFO supervisord started with pid 1
2025-05-07 09:11:33,824 INFO spawned: 'nginx' with pid 7
2025-05-07 09:11:33,827 INFO spawned: 'php-fpm' with pid 8
2025-05-07 09:11:34,866 INFO success: nginx entered RUNNING state, process has stayed up for > than 1 seconds (startsecs)
2025-05-07 09:11:34,867 INFO success: php-fpm entered RUNNING state, process has stayed up for > than 1 seconds (startsecs)
2025-05-07 09:21:59,575 WARN received SIGINT indicating exit request
2025-05-07 09:21:59,578 INFO waiting for nginx, php-fpm to die
2025-05-07 09:21:59,593 WARN received SIGINT indicating exit request
2025-05-07 09:22:00,596 INFO stopped: php-fpm (exit status 0)
2025-05-07 09:22:00,602 INFO stopped: nginx (exit status 0)
